[23/Jun/2025 18:34:00] "OPTIONS /api/notes/ HTTP/1.1" 200 0
[23/Jun/2025 18:34:00] "OPTIONS /api/notes/ HTTP/1.1" 200 0
[23/Jun/2025 18:34:00] "GET /api/notes/ HTTP/1.1" 200 391
[23/Jun/2025 18:34:00] "GET /api/notes/ HTTP/1.1" 200 391
[23/Jun/2025 18:34:00] "OPTIONS /api/blocks/?note_id=aed18996-8a86-4fb1-bd0e-c451250e53c2 HTTP/1.1" 200 0
[23/Jun/2025 18:34:00] "OPTIONS /api/blocks/?note_id=aed18996-8a86-4fb1-bd0e-c451250e53c2 HTTP/1.1" 200 0
Not Found: /socket.io/
[23/Jun/2025 18:34:00] "GET /socket.io/?EIO=4&transport=websocket HTTP/1.1" 404 3059
[23/Jun/2025 18:34:00] "GET /api/blocks/?note_id=aed18996-8a86-4fb1-bd0e-c451250e53c2 HTTP/1.1" 200 9524
[23/Jun/2025 18:34:00] "GET /api/blocks/?note_id=aed18996-8a86-4fb1-bd0e-c451250e53c2 HTTP/1.1" 200 9524
Not Found: /socket.io/
[23/Jun/2025 18:34:01] "GET /socket.io/?EIO=4&transport=websocket HTTP/1.1" 404 3059
Not Found: /socket.io/
[23/Jun/2025 18:34:03] "GET /socket.io/?EIO=4&transport=websocket HTTP/1.1" 404 3059
Not Found: /socket.io/
[23/Jun/2025 18:34:08] "GET /socket.io/?EIO=4&transport=websocket HTTP/1.1" 404 3059
Not Found: /socket.io/
[23/Jun/2025 18:34:12] "GET /socket.io/?EIO=4&transport=websocket HTTP/1.1" 404 3059
Not Found: /socket.io/
[23/Jun/2025 18:34:17] "GET /socket.io/?EIO=4&transport=websocket HTTP/1.1" 404 3059
